<?xml version="1.0" encoding="UTF-8"?>
<testsuite name="FizzBuzzTests" tests="2" skipped="0" failures="0" errors="0" timestamp="2021-08-31T13:18:24" hostname="Kierans-MacBook-Pro-2.local" time="0.023">
  <properties/>
  <testcase name="fizzBuzzSolutionTests()" classname="FizzBuzzTests" time="0.02"/>
  <testcase name="divisibleByTest()" classname="FizzBuzzTests" time="0.001"/>
  <system-out><![CDATA[]]></system-out>
  <system-err><![CDATA[]]></system-err>
</testsuite>
